<?xml version="1.0" encoding="UTF-8"?>
<!-- Generated by org.testng.reporters.JUnitXMLReporter -->
<testsuite ignored="0" hostname="DESKTOP-V0C9TJK" failures="0" tests="3" name="Test" time="14.421" errors="0" timestamp="2025-06-21T19:49:19 IST">
  <testcase classname="Test.LoginTestcase1" name="excelloginpagecase" time="0.981"/>
  <testcase classname="Test.LoginTestcase1" name="loginpagecase" time="0.904"/>
  <testcase classname="Test.LoginTestcase1" name="paramterloginpagecase" time="1.031"/>
</testsuite> <!-- Test -->
