<?xml version="1.0" encoding="UTF-8"?>
<!-- Generated by org.testng.reporters.JUnitXMLReporter -->
<testsuite ignored="0" hostname="DESKTOP-V0C9TJK" failures="0" tests="3" name="Test" time="18.796" errors="0" timestamp="2025-06-21T19:37:32 IST">
  <testcase classname="Test.LoginTestcase1" name="excelloginpagecase" time="1.375"/>
  <testcase classname="Test.LoginTestcase1" name="loginpagecase" time="1.364"/>
  <testcase classname="Test.LoginTestcase1" name="paramterloginpagecase" time="1.351"/>
</testsuite> <!-- Test -->
