<?xml version="1.0" encoding="UTF-8"?>
<testng-results ignored="0" total="1" passed="1" failed="0" skipped="0">
  <reporter-output>
  </reporter-output>
  <suite started-at="2025-06-21T18:28:34 IST" name="Default suite" finished-at="2025-06-21T18:28:41 IST" duration-ms="7417">
    <groups>
    </groups>
    <test started-at="2025-06-21T18:28:34 IST" name="Default test" finished-at="2025-06-21T18:28:41 IST" duration-ms="7417">
      <class name="Test.LoginTestcase1">
        <test-method is-config="true" signature="setUpReport()[pri:0, instance:Test.LoginTestcase1@302552ec]" started-at="2025-06-21T18:28:33 IST" name="setUpReport" finished-at="2025-06-21T18:28:34 IST" duration-ms="596" status="PASS">
          <reporter-output>
          </reporter-output>
        </test-method> <!-- setUpReport -->
        <test-method is-config="true" signature="setup()[pri:0, instance:Test.LoginTestcase1@302552ec]" started-at="2025-06-21T18:28:34 IST" name="setup" finished-at="2025-06-21T18:28:39 IST" duration-ms="5609" status="PASS">
          <reporter-output>
          </reporter-output>
        </test-method> <!-- setup -->
        <test-method signature="loginpagecase()[pri:0, instance:Test.LoginTestcase1@302552ec]" started-at="2025-06-21T18:28:39 IST" name="loginpagecase" finished-at="2025-06-21T18:28:41 IST" duration-ms="1371" status="PASS">
          <reporter-output>
          </reporter-output>
        </test-method> <!-- loginpagecase -->
        <test-method is-config="true" signature="tearDown(org.testng.ITestResult)[pri:0, instance:Test.LoginTestcase1@302552ec]" started-at="2025-06-21T18:28:41 IST" name="tearDown" finished-at="2025-06-21T18:28:41 IST" duration-ms="354" status="PASS">
          <params>
            <param index="0">
              <value>
                <![CDATA[[TestResult name=loginpagecase status=SUCCESS method=LoginTestcase1.loginpagecase()[pri:0, instance:Test.LoginTestcase1@302552ec] output={null}]]]>
              </value>
            </param>
          </params>
          <reporter-output>
          </reporter-output>
        </test-method> <!-- tearDown -->
        <test-method is-config="true" signature="flushReport()[pri:0, instance:Test.LoginTestcase1@302552ec]" started-at="2025-06-21T18:28:41 IST" name="flushReport" finished-at="2025-06-21T18:28:42 IST" duration-ms="667" status="PASS">
          <reporter-output>
          </reporter-output>
        </test-method> <!-- flushReport -->
      </class> <!-- Test.LoginTestcase1 -->
    </test> <!-- Default test -->
  </suite> <!-- Default suite -->
</testng-results>
